<?xml version="1.0" encoding="UTF-8"?>
<!-- Generated by org.testng.reporters.JUnitReportReporter -->
<testsuite hostname="LAPTOP-5L768K61" failures="0" tests="1" name="test.Demo" time="9.700" errors="0" timestamp="2024-08-12T22:06:28 EDT" skipped="0">
  <testcase classname="test.Demo" name="demoTest" time="9.700"/>
</testsuite> <!-- test.Demo -->
